<?xml version="1.0" encoding="UTF-8"?>
<!-- Generated by org.testng.reporters.JUnitXMLReporter -->
<testsuite ignored="0" hostname="Raja" failures="0" tests="4" name="Default test" time="0.121" errors="0" timestamp="2020-12-04T10:21:10 IST">
  <testcase classname="test1" name="regular" time="0.014"/>
  <testcase classname="test1" name="streamCollect" time="0.012"/>
  <testcase classname="test1" name="streamFilter" time="0.017"/>
  <testcase classname="test1" name="streamMap" time="0.008"/>
</testsuite> <!-- Default test -->
