<?xml version="1.0" encoding="UTF-8"?>
<testng-results ignored="0" total="4" passed="4" failed="0" skipped="0">
  <reporter-output>
  </reporter-output>
  <suite started-at="2020-12-04T10:21:10 IST" name="Default suite" finished-at="2020-12-04T10:21:10 IST" duration-ms="121">
    <groups>
    </groups>
    <test started-at="2020-12-04T10:21:10 IST" name="Default test" finished-at="2020-12-04T10:21:10 IST" duration-ms="121">
      <class name="test1">
        <test-method signature="regular()[pri:0, instance:test1@2e377400]" started-at="2020-12-04T10:21:10 IST" name="regular" finished-at="2020-12-04T10:21:10 IST" duration-ms="14" status="PASS">
          <reporter-output>
          </reporter-output>
        </test-method> <!-- regular -->
        <test-method signature="streamCollect()[pri:0, instance:test1@2e377400]" started-at="2020-12-04T10:21:10 IST" name="streamCollect" finished-at="2020-12-04T10:21:10 IST" duration-ms="12" status="PASS">
          <reporter-output>
          </reporter-output>
        </test-method> <!-- streamCollect -->
        <test-method signature="streamFilter()[pri:0, instance:test1@2e377400]" started-at="2020-12-04T10:21:10 IST" name="streamFilter" finished-at="2020-12-04T10:21:10 IST" duration-ms="17" status="PASS">
          <reporter-output>
          </reporter-output>
        </test-method> <!-- streamFilter -->
        <test-method signature="streamMap()[pri:0, instance:test1@2e377400]" started-at="2020-12-04T10:21:10 IST" name="streamMap" finished-at="2020-12-04T10:21:10 IST" duration-ms="8" status="PASS">
          <reporter-output>
          </reporter-output>
        </test-method> <!-- streamMap -->
      </class> <!-- test1 -->
    </test> <!-- Default test -->
  </suite> <!-- Default suite -->
</testng-results>
